<?xml version="1.0" encoding="UTF-8"?>
<!-- Generated by org.testng.reporters.JUnitXMLReporter -->
<testsuite hostname="JATIN" name="Default test" tests="4" failures="0" timestamp="26 Nov 2016 18:10:29 GMT" time="41.917" errors="0">
  <testcase name="login" time="25.551" classname="home.sample"/>
  <testcase name="login" time="30.373" classname="home.sample"/>
  <testcase name="login" time="36.966" classname="home.sample"/>
  <testcase name="login" time="41.821" classname="home.sample"/>
</testsuite> <!-- Default test -->
