<?xml version="1.0" encoding="UTF-8"?>
<!-- Generated by org.testng.reporters.JUnitXMLReporter -->
<testsuite hostname="jatins-MacBook-Pro.local" name="Not Default test" tests="4" failures="0" timestamp="24 Nov 2016 20:14:04 GMT" time="0.017" errors="0">
  <testcase name="abc2" time="0.002" classname="home.sample2"/>
  <testcase name="abc3" time="0.002" classname="home.sample2"/>
  <testcase name="abc4" time="0.002" classname="home.sample2"/>
  <testcase name="xyz" time="0.002" classname="home.sample2"/>
</testsuite> <!-- Not Default test -->
